<?xml version="1.0" encoding="UTF-8"?>
<!-- Generated by org.testng.reporters.JUnitReportReporter -->
<testsuite skipped="0" hostname="DESKTOP-2MU4F76" name="test.LoginTest" tests="1" failures="0" timestamp="2019-11-23T10:03:28 CST" time="5.064" errors="0">
  <testcase name="logintotechfios" time="5.064" classname="test.LoginTest"/>
</testsuite> <!-- test.LoginTest -->
