<?xml version="1.0" encoding="UTF-8"?>
<!-- Generated by org.testng.reporters.JUnitReportReporter -->
<testsuite skipped="0" hostname="DESKTOP-2MU4F76" name="test2.LoginTest3" tests="2" failures="0" timestamp="2019-11-23T13:12:30 CST" time="10.808" errors="0">
  <testcase name="validUserShouldBeAbleToLogin" time="6.206" classname="test2.LoginTest3"/>
  <testcase name="invalidUsersShouldNotBeAbleToLogin" time="4.602" classname="test2.LoginTest3"/>
</testsuite> <!-- test2.LoginTest3 -->
